<?xml version="1.0" encoding="UTF-8"?>
<!-- Generated by org.testng.reporters.JUnitReportReporter -->
<testsuite hostname="PriyaPapa" failures="0" tests="3" name="com.RB_Auction.TestScripts.LoginPageTest" time="57.527" errors="0" timestamp="2024-07-24T11:19:51 IST" skipped="0">
  <testcase classname="com.RB_Auction.TestScripts.LoginPageTest" name="verifyingTheNoOfResultsReturnedAfterApplyingTheYearFilterFrom2010ToCurrentYear" time="21.221"/>
  <system-out/>
  <testcase classname="com.RB_Auction.TestScripts.LoginPageTest" name="verifyingTheFirstResultOnThePageHasTheWordAsSearchText" time="27.829"/>
  <system-out/>
  <testcase classname="com.RB_Auction.TestScripts.LoginPageTest" name="capturingTheTotalNumberOfResults" time="8.477"/>
  <system-out/>
</testsuite> <!-- com.RB_Auction.TestScripts.LoginPageTest -->
